<?xml version='1.0' encoding='UTF-8'?>
<testsuite hostname="pc" name="TestRegression" tests="11" errors="0" failures="0" skipped="0" time="126.337" timestamp="2024-04-09T20:14:21">
          <properties>
      <property name="java.specification.version" value="17"/><property name="sun.jnu.encoding" value="UTF-8"/><property name="sun.arch.data.model" value="64"/><property name="java.vendor.url" value="Unknown"/><property name="sun.boot.library.path" value="/usr/lib/jvm/java-17-openjdk-amd64/lib"/><property name="sun.java.command" value="/home/student/.cache/coursier/arc/https/github.com/sbt/sbt/releases/download/v1.9.9/sbt-1.9.9.zip/sbt/bin/sbt-launch.jar test"/><property name="jdk.debug" value="release"/><property name="sun.stderr.encoding" value="UTF-8"/><property name="java.specification.vendor" value="Oracle Corporation"/><property name="java.version.date" value="2024-01-16"/><property name="java.home" value="/usr/lib/jvm/java-17-openjdk-amd64"/><property name="file.separator" value="/"/><property name="java.vm.compressedOopsMode" value="32-bit"/><property name="line.separator" value="
"/><property name="sun.stdout.encoding" value="UTF-8"/><property name="java.vm.specification.vendor" value="Oracle Corporation"/><property name="java.specification.name" value="Java Platform API Specification"/><property name="sun.management.compiler" value="HotSpot 64-Bit Tiered Compilers"/><property name="java.runtime.version" value="17.0.10+7-Ubuntu-120.04.1"/><property name="user.name" value="student"/><property name="log4j.ignoreTCL" value="true"/><property name="file.encoding" value="UTF-8"/><property name="jnidispatch.path" value="/home/student/.cache/JNA/temp/jna7587947864925190371.tmp"/><property name="jna.loaded" value="true"/><property name="java.io.tmpdir" value="/tmp"/><property name="java.version" value="17.0.10"/><property name="java.vm.specification.name" value="Java Virtual Machine Specification"/><property name="native.encoding" value="UTF-8"/><property name="java.library.path" value="/usr/java/packages/lib:/usr/lib/x86_64-linux-gnu/jni:/lib/x86_64-linux-gnu:/usr/lib/x86_64-linux-gnu:/usr/lib/jni:/lib:/usr/lib"/><property name="java.vendor" value="Private Build"/><property name="scala.ext.dirs" value="/home/student/.sbt/1.0/java9-rt-ext-private_build_17_0_10"/><property name="sun.io.unicode.encoding" value="UnicodeLittle"/><property name="java.class.path" value="/home/student/.cache/coursier/arc/https/github.com/sbt/sbt/releases/download/v1.9.9/sbt-1.9.9.zip/sbt/bin/sbt-launch.jar"/><property name="java.vm.vendor" value="Private Build"/><property name="jline.shutdownhook" value="false"/><property name="user.timezone" value="Europe/Bucharest"/><property name="java.vm.specification.version" value="17"/><property name="os.name" value="Linux"/><property name="sun.java.launcher" value="SUN_STANDARD"/><property name="user.country" value="US"/><property name="sun.cpu.endian" value="little"/><property name="user.home" value="/home/student"/><property name="user.language" value="en"/><property name="sbt.script" value="/home/student/.cache/coursier/arc/https/github.com/sbt/sbt/releases/download/v1.9.9/sbt-1.9.9.zip/sbt/bin/sbt"/><property name="sbt.ipcsocket.tmpdir" value="/run/user/1000/.sbt6ddefc1f/ipcsocket"/><property name="swoval.tmpdir" value="/run/user/1000/.sbt6ddefc1f/swoval"/><property name="jline.esc.timeout" value="0"/><property name="path.separator" value=":"/><property name="os.version" value="5.15.0-101-generic"/><property name="jna.nosys" value="true"/><property name="java.runtime.name" value="OpenJDK Runtime Environment"/><property name="java.vm.name" value="OpenJDK 64-Bit Server VM"/><property name="jna.platform.library.path" value="/usr/lib/x86_64-linux-gnu:/lib/x86_64-linux-gnu:/usr/lib64:/lib64:/usr/lib:/lib"/><property name="java.vendor.url.bug" value="Unknown"/><property name="user.dir" value="/home/student/Desktop/pp/tema1/t1_v2"/><property name="os.arch" value="amd64"/><property name="java.vm.info" value="mixed mode, sharing"/><property name="java.vm.version" value="17.0.10+7-Ubuntu-120.04.1"/><property name="java.class.version" value="61.0"/>
    </properties>
          <testcase classname="TestRegression" name="1" time="0.07">
                      
                    </testcase><testcase classname="TestRegression" name="2" time="0.017">
                      
                    </testcase><testcase classname="TestRegression" name="3" time="0.007">
                      
                    </testcase><testcase classname="TestRegression" name="4" time="0.061">
                      
                    </testcase><testcase classname="TestRegression" name="5" time="0.03">
                      
                    </testcase><testcase classname="TestRegression" name="6" time="0.003">
                      
                    </testcase><testcase classname="TestRegression" name="7" time="0.005">
                      
                    </testcase><testcase classname="TestRegression" name="8" time="0.006">
                      
                    </testcase><testcase classname="TestRegression" name="9" time="0.094">
                      
                    </testcase><testcase classname="TestRegression" name="10" time="3.693">
                      
                    </testcase><testcase classname="TestRegression" name="PLOT" time="122.351">
                      
                    </testcase>
          <system-out><![CDATA[]]></system-out>
          <system-err><![CDATA[]]></system-err>
        </testsuite>